[Breakpoint 0]
Address=0x403029
Enabled=true
Temporary=false

[Breakpoint 1]
Address=0x403029
Enabled=true
Temporary=false

[Breakpoint 10]
Address=0x403029
Enabled=true
Temporary=false

[Breakpoint 11]
Address=0x403029
Enabled=true
Temporary=false

[Breakpoint 12]
Address=0x403029
Enabled=true
Temporary=false

[Breakpoint 13]
Address=0x403029
Enabled=true
Temporary=false

[Breakpoint 14]
Address=0x403029
Enabled=true
Temporary=false

[Breakpoint 15]
Address=0x403029
Enabled=true
Temporary=false

[Breakpoint 16]
Address=0x403029
Enabled=true
Temporary=false

[Breakpoint 17]
Address=0x403029
Enabled=true
Temporary=false

[Breakpoint 18]
Address=0x403029
Enabled=true
Temporary=false

[Breakpoint 19]
Address=0x403029
Enabled=true
Temporary=false

[Breakpoint 2]
Address=0x403029
Enabled=true
Temporary=false

[Breakpoint 20]
Address=0x403029
Enabled=true
Temporary=false

[Breakpoint 21]
Address=0x403029
Enabled=true
Temporary=false

[Breakpoint 22]
Address=0x403029
Enabled=true
Temporary=false

[Breakpoint 23]
Address=0x403029
Enabled=true
Temporary=false

[Breakpoint 24]
Address=0x403029
Enabled=true
Temporary=false

[Breakpoint 25]
Address=0x403029
Enabled=true
Temporary=false

[Breakpoint 26]
Address=0x403029
Enabled=true
Temporary=false

[Breakpoint 27]
Address=0x403029
Enabled=true
Temporary=false

[Breakpoint 28]
Address=0x403029
Enabled=true
Temporary=false

[Breakpoint 29]
Address=0x403029
Enabled=true
Temporary=false

[Breakpoint 3]
Address=0x403029
Enabled=true
Temporary=false

[Breakpoint 30]
Address=0x403029
Enabled=true
Temporary=false

[Breakpoint 31]
Address=0x403029
Enabled=true
Temporary=false

[Breakpoint 32]
Address=0x403029
Enabled=true
Temporary=false

[Breakpoint 33]
Address=0x403029
Enabled=true
Temporary=false

[Breakpoint 34]
Address=0x403029
Enabled=true
Temporary=false

[Breakpoint 35]
Address=0x403029
Enabled=true
Temporary=false

[Breakpoint 36]
Address=0x403029
Enabled=true
Temporary=false

[Breakpoint 37]
Enabled=true
File=/home/cesar/Projects/Tesis/Analysis/src/CaptureT.cpp
Line=77
Temporary=false

[Breakpoint 4]
Address=0x403029
Enabled=true
Temporary=false

[Breakpoint 5]
Address=0x403029
Enabled=true
Temporary=false

[Breakpoint 6]
Address=0x403029
Enabled=true
Temporary=false

[Breakpoint 7]
Address=0x403029
Enabled=true
Temporary=false

[Breakpoint 8]
Address=0x403029
Enabled=true
Temporary=false

[Breakpoint 9]
Address=0x403029
Enabled=true
Temporary=false

[General]
DebuggerCmdStr=
DriverName=GDB
FileVersion=1
OptionsSelected=
ProgramArgs=
TTYLevel=7
WorkingDirectory=

[Memory]
ColumnWidths=80,0
NumExprs=0
